app/build/intermediates/manifest_merge_blame_file/debug/manifest-merger-blame-debug-report.txt
1<?xml version="1.0" encoding="utf-8"?>
2<manifest xmlns:android="http://schemas.android.com/apk/res/android"
3    package="com.example.wander"
4    android:versionCode="1"
5    android:versionName="1.0" >
6
7    <uses-sdk
8        android:minSdkVersion="18"
8-->src\main\AndroidManifest.xml
9        android:targetSdkVersion="29" />
9-->src\main\AndroidManifest.xml
10
11    <permission
11-->src\main\AndroidManifest.xml:39:5-41:46
12        android:name="com.example.wander.permission.MAPS_RECEIVE"
12-->src\main\AndroidManifest.xml:40:9-66
13        android:protectionLevel="signature" />
13-->src\main\AndroidManifest.xml:41:9-44
14
15    <uses-permission android:name="com.example.wander.permission.MAPS_RECEIVE" />
15-->src\main\AndroidManifest.xml:42:5-81
15-->src\main\AndroidManifest.xml:42:22-79
16    <uses-permission android:name="android.permission.WRITE_EXTERNAL_STORAGE" />
16-->src\main\AndroidManifest.xml:43:5-80
16-->src\main\AndroidManifest.xml:43:22-78
17    <uses-permission android:name="com.google.android.providers.gsf.permission.READ_GSERVICES" />
17-->src\main\AndroidManifest.xml:44:5-97
17-->src\main\AndroidManifest.xml:44:22-95
18    <uses-permission android:name="android.permission.ACCESS_COARSE_LOCATION" />
18-->src\main\AndroidManifest.xml:45:5-80
18-->src\main\AndroidManifest.xml:45:22-78
19    <uses-permission android:name="android.permission.ACCESS_FINE_LOCATION" />
19-->src\main\AndroidManifest.xml:46:5-78
19-->src\main\AndroidManifest.xml:46:22-76
20    <!-- Include required permissions for Google Maps API to run. -->
21    <uses-permission android:name="android.permission.ACCESS_NETWORK_STATE" />
21-->[com.google.android.gms:play-services-maps:17.0.0] AndroidManifest.xml:23:5-79
21-->[com.google.android.gms:play-services-maps:17.0.0] AndroidManifest.xml:23:22-76
22    <uses-permission android:name="android.permission.INTERNET" />
22-->[com.google.android.gms:play-services-maps:17.0.0] AndroidManifest.xml:24:5-67
22-->[com.google.android.gms:play-services-maps:17.0.0] AndroidManifest.xml:24:22-64
23
24    <uses-feature
24-->[com.google.android.gms:play-services-maps:17.0.0] AndroidManifest.xml:26:5-28:35
25        android:glEsVersion="0x00020000"
25-->[com.google.android.gms:play-services-maps:17.0.0] AndroidManifest.xml:27:9-41
26        android:required="true" />
26-->[com.google.android.gms:play-services-maps:17.0.0] AndroidManifest.xml:28:9-32
27
28    <application
28-->src\main\AndroidManifest.xml:5:5-38:19
29        android:allowBackup="true"
29-->src\main\AndroidManifest.xml:6:9-35
30        android:appComponentFactory="androidx.core.app.CoreComponentFactory"
30-->[androidx.core:core:1.1.0] AndroidManifest.xml:24:18-86
31        android:debuggable="true"
32        android:icon="@mipmap/ic_launcher"
32-->src\main\AndroidManifest.xml:7:9-43
33        android:label="@string/app_name"
33-->src\main\AndroidManifest.xml:8:9-41
34        android:roundIcon="@mipmap/ic_launcher_round"
34-->src\main\AndroidManifest.xml:9:9-54
35        android:supportsRtl="true"
35-->src\main\AndroidManifest.xml:10:9-35
36        android:testOnly="true"
37        android:theme="@style/AppTheme" >
37-->src\main\AndroidManifest.xml:11:9-40
38        <meta-data
38-->src\main\AndroidManifest.xml:12:9-123
39            android:name="com.google.android.geo.API_KEY"
39-->src\main\AndroidManifest.xml:12:20-65
40            android:value="AIzaSyDAQEsypy8cmPPS9ZJ41f0im3Eurh8hYvY" />
40-->src\main\AndroidManifest.xml:12:66-121
41
42        <activity
42-->src\main\AndroidManifest.xml:13:9-15:68
43            android:name="com.example.wander.TabsActivity"
43-->src\main\AndroidManifest.xml:14:13-41
44            android:label="@string/title_activity_tabs" />
44-->src\main\AndroidManifest.xml:15:13-56
45        <activity android:name="com.example.wander.ContinueActivity" >
45-->src\main\AndroidManifest.xml:16:9-22:20
45-->src\main\AndroidManifest.xml:16:19-51
46            <intent-filter>
46-->src\main\AndroidManifest.xml:17:13-21:29
47                <action android:name="android.intent.action.MAIN" />
47-->src\main\AndroidManifest.xml:18:17-69
47-->src\main\AndroidManifest.xml:18:25-66
48
49                <category android:name="android.intent.category.LAUNCHER" />
49-->src\main\AndroidManifest.xml:20:17-77
49-->src\main\AndroidManifest.xml:20:27-74
50            </intent-filter>
51        </activity>
52        <activity
52-->src\main\AndroidManifest.xml:23:9-30:20
53            android:name="com.example.wander.MainActivity"
53-->src\main\AndroidManifest.xml:23:19-47
54            android:theme="@style/AppTheme.NoActionBar" >
54-->src\main\AndroidManifest.xml:24:13-56
55            <intent-filter>
55-->src\main\AndroidManifest.xml:17:13-21:29
56                <action android:name="android.intent.action.MAIN" />
56-->src\main\AndroidManifest.xml:18:17-69
56-->src\main\AndroidManifest.xml:18:25-66
57
58                <category android:name="android.intent.category.LAUNCHER" />
58-->src\main\AndroidManifest.xml:20:17-77
58-->src\main\AndroidManifest.xml:20:27-74
59            </intent-filter>
60        </activity>
61        <activity android:name="com.example.wander.ObjectiveDetail" >
61-->src\main\AndroidManifest.xml:31:9-33:20
61-->src\main\AndroidManifest.xml:31:19-50
62        </activity>
63
64        <meta-data
64-->src\main\AndroidManifest.xml:35:9-37:57
65            android:name="preloaded_fonts"
65-->src\main\AndroidManifest.xml:36:13-43
66            android:resource="@array/preloaded_fonts" />
66-->src\main\AndroidManifest.xml:37:13-54
67        <!-- Needs to be explicitly declared on P+ -->
68        <uses-library
68-->[com.google.android.gms:play-services-maps:17.0.0] AndroidManifest.xml:33:9-35:40
69            android:name="org.apache.http.legacy"
69-->[com.google.android.gms:play-services-maps:17.0.0] AndroidManifest.xml:34:13-50
70            android:required="false" />
70-->[com.google.android.gms:play-services-maps:17.0.0] AndroidManifest.xml:35:13-37
71
72        <activity
72-->[com.google.android.gms:play-services-base:17.0.0] AndroidManifest.xml:23:9-26:75
73            android:name="com.google.android.gms.common.api.GoogleApiActivity"
73-->[com.google.android.gms:play-services-base:17.0.0] AndroidManifest.xml:24:13-79
74            android:exported="false"
74-->[com.google.android.gms:play-services-base:17.0.0] AndroidManifest.xml:25:13-37
75            android:theme="@android:style/Theme.Translucent.NoTitleBar" />
75-->[com.google.android.gms:play-services-base:17.0.0] AndroidManifest.xml:26:13-72
76
77        <meta-data
77-->[com.google.android.gms:play-services-basement:17.0.0] AndroidManifest.xml:23:9-25:69
78            android:name="com.google.android.gms.version"
78-->[com.google.android.gms:play-services-basement:17.0.0] AndroidManifest.xml:24:13-58
79            android:value="@integer/google_play_services_version" />
79-->[com.google.android.gms:play-services-basement:17.0.0] AndroidManifest.xml:25:13-66
80    </application>
81
82</manifest>